This is pdfTeX, Version 3.1415926-2.4-1.40.13 (TeX Live 2012/Debian) (format=pdflatex 2013.5.16)  16 AUG 2013 13:45
entering extended mode
 restricted \write18 enabled.
 %&-line parsing enabled.
**thesis.tex
(./thesis.tex
LaTeX2e <2011/06/27>
Babel <v3.8m> and hyphenation patterns for english, dumylang, nohyphenation, lo
aded.
(/usr/share/texlive/texmf-dist/tex/latex/base/report.cls
Document Class: report 2007/10/19 v1.4h Standard LaTeX document class
(/usr/share/texlive/texmf-dist/tex/latex/base/size10.clo
File: size10.clo 2007/10/19 v1.4h Standard LaTeX file (size option)
)
\c@part=\count79
\c@chapter=\count80
\c@section=\count81
\c@subsection=\count82
\c@subsubsection=\count83
\c@paragraph=\count84
\c@subparagraph=\count85
\c@figure=\count86
\c@table=\count87
\abovecaptionskip=\skip41
\belowcaptionskip=\skip42
\bibindent=\dimen102
) (./thesis.sty
Package: thesis 

(/usr/share/texlive/texmf-dist/tex/latex/a4wide/a4wide.sty
Package: a4wide 1994/08/30

(/usr/share/texlive/texmf-dist/tex/latex/ntgclass/a4.sty
Package: a4 2004/04/15 v1.2g A4 based page layout
))
(/usr/share/texlive/texmf-dist/tex/latex/amsmath/amsmath.sty
Package: amsmath 2000/07/18 v2.13 AMS math features
\@mathmargin=\skip43

For additional information on amsmath, use the `?' option.
(/usr/share/texlive/texmf-dist/tex/latex/amsmath/amstext.sty
Package: amstext 2000/06/29 v2.01

(/usr/share/texlive/texmf-dist/tex/latex/amsmath/amsgen.sty
File: amsgen.sty 1999/11/30 v2.0
\@emptytoks=\toks14
\ex@=\dimen103
))
(/usr/share/texlive/texmf-dist/tex/latex/amsmath/amsbsy.sty
Package: amsbsy 1999/11/29 v1.2d
\pmbraise@=\dimen104
)
(/usr/share/texlive/texmf-dist/tex/latex/amsmath/amsopn.sty
Package: amsopn 1999/12/14 v2.01 operator names
)
\inf@bad=\count88
LaTeX Info: Redefining \frac on input line 211.
\uproot@=\count89
\leftroot@=\count90
LaTeX Info: Redefining \overline on input line 307.
\classnum@=\count91
\DOTSCASE@=\count92
LaTeX Info: Redefining \ldots on input line 379.
LaTeX Info: Redefining \dots on input line 382.
LaTeX Info: Redefining \cdots on input line 467.
\Mathstrutbox@=\box26
\strutbox@=\box27
\big@size=\dimen105
LaTeX Font Info:    Redeclaring font encoding OML on input line 567.
LaTeX Font Info:    Redeclaring font encoding OMS on input line 568.
\macc@depth=\count93
\c@MaxMatrixCols=\count94
\dotsspace@=\muskip10
\c@parentequation=\count95
\dspbrk@lvl=\count96
\tag@help=\toks15
\row@=\count97
\column@=\count98
\maxfields@=\count99
\andhelp@=\toks16
\eqnshift@=\dimen106
\alignsep@=\dimen107
\tagshift@=\dimen108
\tagwidth@=\dimen109
\totwidth@=\dimen110
\lineht@=\dimen111
\@envbody=\toks17
\multlinegap=\skip44
\multlinetaggap=\skip45
\mathdisplay@stack=\toks18
LaTeX Info: Redefining \[ on input line 2666.
LaTeX Info: Redefining \] on input line 2667.
)
(/usr/share/texlive/texmf-dist/tex/generic/babel/babel.sty
Package: babel 2008/07/08 v3.8m The Babel package

(/usr/share/texlive/texmf-dist/tex/generic/babel/greek.ldf
Language: greek 2005/03/30 v1.3l Greek support from the babel system

(/usr/share/texlive/texmf-dist/tex/generic/babel/babel.def
File: babel.def 2008/07/08 v3.8m Babel common definitions
\babel@savecnt=\count100
\U@D=\dimen112
)

Package babel Warning: No hyphenation patterns were loaded for
(babel)                the language `greek'
(babel)                I will use the patterns loaded for \language=0 instead.

\l@greek = a dialect from \language0
Loading the definitions for the Greek font encoding
(/usr/share/texlive/texmf-dist/tex/generic/babel/lgrenc.def
File: lgrenc.def 2008/06/17 v2.3 Greek Encoding
))
(/usr/share/texlive/texmf-dist/tex/generic/babel/english.ldf
Language: english 2005/03/30 v3.3o English support from the babel system
\l@british = a dialect from \language\l@english 
\l@UKenglish = a dialect from \language\l@english 
\l@canadian = a dialect from \language\l@american 
\l@australian = a dialect from \language\l@british 
\l@newzealand = a dialect from \language\l@british 
))
(/usr/share/texlive/texmf-dist/tex/latex/fancyhdr/fancyhdr.sty
\fancy@headwidth=\skip46
\f@ncyO@elh=\skip47
\f@ncyO@erh=\skip48
\f@ncyO@olh=\skip49
\f@ncyO@orh=\skip50
\f@ncyO@elf=\skip51
\f@ncyO@erf=\skip52
\f@ncyO@olf=\skip53
\f@ncyO@orf=\skip54
)
(/usr/share/texlive/texmf-dist/tex/latex/graphics/graphicx.sty
Package: graphicx 1999/02/16 v1.0f Enhanced LaTeX Graphics (DPC,SPQR)

(/usr/share/texlive/texmf-dist/tex/latex/graphics/keyval.sty
Package: keyval 1999/03/16 v1.13 key=value parser (DPC)
\KV@toks@=\toks19
)
(/usr/share/texlive/texmf-dist/tex/latex/graphics/graphics.sty
Package: graphics 2009/02/05 v1.0o Standard LaTeX Graphics (DPC,SPQR)

(/usr/share/texlive/texmf-dist/tex/latex/graphics/trig.sty
Package: trig 1999/03/16 v1.09 sin cos tan (DPC)
)
(/usr/share/texlive/texmf-dist/tex/latex/latexconfig/graphics.cfg
File: graphics.cfg 2010/04/23 v1.9 graphics configuration of TeX Live
)
Package graphics Info: Driver file: pdftex.def on input line 91.

(/usr/share/texlive/texmf-dist/tex/latex/pdftex-def/pdftex.def
File: pdftex.def 2011/05/27 v0.06d Graphics/color for pdfTeX

(/usr/share/texlive/texmf-dist/tex/generic/oberdiek/infwarerr.sty
Package: infwarerr 2010/04/08 v1.3 Providing info/warning/error messages (HO)
)
(/usr/share/texlive/texmf-dist/tex/generic/oberdiek/ltxcmds.sty
Package: ltxcmds 2011/11/09 v1.22 LaTeX kernel commands for general use (HO)
)
\Gread@gobject=\count101
))
\Gin@req@height=\dimen113
\Gin@req@width=\dimen114
)
(/usr/share/texlive/texmf-dist/tex/latex/oberdiek/grffile.sty
Package: grffile 2012/04/05 v1.16 Extended file name support for graphics (HO)

(/usr/share/texlive/texmf-dist/tex/generic/oberdiek/ifpdf.sty
Package: ifpdf 2011/01/30 v2.3 Provides the ifpdf switch (HO)
Package ifpdf Info: pdfTeX in PDF mode is detected.
)
(/usr/share/texlive/texmf-dist/tex/generic/ifxetex/ifxetex.sty
Package: ifxetex 2010/09/12 v0.6 Provides ifxetex conditional
)
(/usr/share/texlive/texmf-dist/tex/latex/oberdiek/kvoptions.sty
Package: kvoptions 2011/06/30 v3.11 Key value format for package options (HO)

(/usr/share/texlive/texmf-dist/tex/generic/oberdiek/kvsetkeys.sty
Package: kvsetkeys 2012/04/25 v1.16 Key value parser (HO)

(/usr/share/texlive/texmf-dist/tex/generic/oberdiek/etexcmds.sty
Package: etexcmds 2011/02/16 v1.5 Avoid name clashes with e-TeX commands (HO)

(/usr/share/texlive/texmf-dist/tex/generic/oberdiek/ifluatex.sty
Package: ifluatex 2010/03/01 v1.3 Provides the ifluatex switch (HO)
Package ifluatex Info: LuaTeX not detected.
)
Package etexcmds Info: Could not find \expanded.
(etexcmds)             That can mean that you are not using pdfTeX 1.50 or
(etexcmds)             that some package has redefined \expanded.
(etexcmds)             In the latter case, load this package earlier.
)))
(/usr/share/texlive/texmf-dist/tex/generic/oberdiek/pdftexcmds.sty
Package: pdftexcmds 2011/11/29 v0.20 Utility functions of pdfTeX for LuaTeX (HO
)
Package pdftexcmds Info: LuaTeX not detected.
Package pdftexcmds Info: \pdf@primitive is available.
Package pdftexcmds Info: \pdf@ifprimitive is available.
Package pdftexcmds Info: \pdfdraftmode found.
)
Package grffile Info: Option `multidot' is set to `true'.
Package grffile Info: Option `extendedchars' is set to `false'.
Package grffile Info: Option `space' is set to `true'.
Package grffile Info: \Gin@ii of package `graphicx' fixed on input line 486.
)
(/usr/share/texlive/texmf-dist/tex/latex/psnfss/pifont.sty
Package: pifont 2005/04/12 PSNFSS-v9.2a Pi font support (SPQR) 
LaTeX Font Info:    Try loading font information for U+pzd on input line 63.

(/usr/share/texlive/texmf-dist/tex/latex/psnfss/upzd.fd
File: upzd.fd 2001/06/04 font definitions for U/pzd.
)
LaTeX Font Info:    Try loading font information for U+psy on input line 64.

(/usr/share/texlive/texmf-dist/tex/latex/psnfss/upsy.fd
File: upsy.fd 2001/06/04 font definitions for U/psy.
))
(/usr/share/texlive/texmf-dist/tex/latex/paralist/paralist.sty
Package: paralist 2002/03/18 v2.3b Extended list environments (BS)
\pltopsep=\skip55
\plpartopsep=\skip56
\plitemsep=\skip57
\plparsep=\skip58
\pl@lab=\toks20
)
(/usr/share/texlive/texmf-dist/tex/latex/graphics/color.sty
Package: color 2005/11/14 v1.0j Standard LaTeX Color (DPC)

(/usr/share/texlive/texmf-dist/tex/latex/latexconfig/color.cfg
File: color.cfg 2007/01/18 v1.5 color configuration of teTeX/TeXLive
)
Package color Info: Driver file: pdftex.def on input line 130.

(/usr/share/texlive/texmf-dist/tex/latex/graphics/dvipsnam.def
File: dvipsnam.def 1999/02/16 v3.0i Driver-dependant file (DPC,SPQR)
))
(/usr/share/texlive/texmf-dist/tex/latex/moreverb/moreverb.sty
Package: moreverb 2008/06/03 v2.3a `more' verbatim facilities

(/usr/share/texlive/texmf-dist/tex/latex/tools/verbatim.sty
Package: verbatim 2003/08/22 v1.5q LaTeX2e package for verbatim enhancements
\every@verbatim=\toks21
\verbatim@line=\toks22
\verbatim@in@stream=\read1
)
\tab@position=\count102
\tab@size=\count103
\listing@line=\count104
)
(/usr/share/texlive/texmf-dist/tex/latex/graphics/lscape.sty
Package: lscape 2000/10/22 v3.01 Landscape Pages (DPC)
)
(/usr/share/texlive/texmf-dist/tex/latex/tocbibind/tocbibind.sty
Package: tocbibind 2010/10/13 v1.5k extra ToC listings
Package tocbibind Info: The document has chapter divisions on input line 50.


Package tocbibind Note: Using chapter style headings, unless overridden.

) (/usr/share/texlive/texmf-dist/tex/latex/datetime/datetime.sty
Package: datetime 2010/09/21 v2.58 Date Time Package

(/usr/share/texlive/texmf-dist/tex/latex/fmtcount/fmtcount.sty
Package: fmtcount 2009/10/02 v1.31

(/usr/share/texlive/texmf-dist/tex/latex/base/ifthen.sty
Package: ifthen 2001/05/26 v1.1c Standard LaTeX ifthen package (DPC)
)
\c@padzeroesN=\count105

(/usr/share/texlive/texmf-dist/tex/latex/fmtcount/fc-english.def
File: fc-english 2007/05/26
)
(/usr/share/texlive/texmf-dist/tex/latex/fmtcount/fc-UKenglish.def
File: fc-UKenglish 2007/06/14
)
(/usr/share/texlive/texmf-dist/tex/latex/fmtcount/fc-british.def
File: fc-british 2007/06/14
)
(/usr/share/texlive/texmf-dist/tex/latex/fmtcount/fc-USenglish.def
File: fc-USenglish 2007/06/14
)
No configuration file fmtcount.cfg found.
\@DT@modctr=\count106
\@ordinalctr=\count107
\@orgargctr=\count108
\@strctr=\count109
\@tmpstrctr=\count110
\@DT@loopN=\count111
\@DT@X=\count112
)
\@day=\count113
\@month=\count114
\@year=\count115
\c@HOUR=\count116
\c@HOURXII=\count117
\c@MINUTE=\count118
\c@TOHOUR=\count119
\c@TOMINUTE=\count120
\c@SECOND=\count121
\currenthour=\count122
\currentminute=\count123
\currentsecond=\count124
Package datetime Info: No datetime.cfg file found, using default settings on in
put line 292.
\@dtctr=\count125
\dayofyear=\count126
\dayofweek=\count127
LaTeX Info: Redefining \today on input line 724.
 (/usr/share/texlive/texmf-dist/tex/latex/datetime/dt-british.def
File: dt-british.def 2007/06/15
)
(/usr/share/texlive/texmf-dist/tex/latex/datetime/dt-greek.def
File: dt-greek.def 2004/10/31
LaTeX Info: Redefining \dategreek on input line 63.
)
\dt@a=\toks23
\dt@b=\toks24
)
(/usr/share/texlive/texmf-dist/tex/latex/tools/array.sty
Package: array 2008/09/09 v2.4c Tabular extension package (FMi)
\col@sep=\dimen115
\extrarowheight=\dimen116
\NC@list=\toks25
\extratabsurround=\skip59
\backup@length=\skip60
)
(/usr/share/texlive/texmf-dist/tex/latex/caption/caption.sty
Package: caption 2012/02/19 v3.2f Customizing captions (AR)

(/usr/share/texlive/texmf-dist/tex/latex/caption/caption3.sty
Package: caption3 2012/01/12 v1.4b caption3 kernel (AR)
\captionmargin=\dimen117
\captionmargin@=\dimen118
\captionwidth=\dimen119
\caption@indent=\dimen120
\caption@parindent=\dimen121
\caption@hangindent=\dimen122
)
\c@ContinuedFloat=\count128
)
(/usr/share/texlive/texmf-dist/tex/latex/hyperref/hyperref.sty
Package: hyperref 2012/05/13 v6.82q Hypertext links for LaTeX

(/usr/share/texlive/texmf-dist/tex/generic/oberdiek/hobsub-hyperref.sty
Package: hobsub-hyperref 2012/05/28 v1.13 Bundle oberdiek, subset hyperref (HO)


(/usr/share/texlive/texmf-dist/tex/generic/oberdiek/hobsub-generic.sty
Package: hobsub-generic 2012/05/28 v1.13 Bundle oberdiek, subset generic (HO)
Package: hobsub 2012/05/28 v1.13 Construct package bundles (HO)
Package hobsub Info: Skipping package `infwarerr' (already loaded).
Package hobsub Info: Skipping package `ltxcmds' (already loaded).
Package hobsub Info: Skipping package `ifluatex' (already loaded).
Package: ifvtex 2010/03/01 v1.5 Detect VTeX and its facilities (HO)
Package ifvtex Info: VTeX not detected.
Package: intcalc 2007/09/27 v1.1 Expandable calculations with integers (HO)
Package hobsub Info: Skipping package `ifpdf' (already loaded).
Package hobsub Info: Skipping package `etexcmds' (already loaded).
Package hobsub Info: Skipping package `kvsetkeys' (already loaded).
Package: kvdefinekeys 2011/04/07 v1.3 Define keys (HO)
Package hobsub Info: Skipping package `pdftexcmds' (already loaded).
Package: pdfescape 2011/11/25 v1.13 Implements pdfTeX's escape features (HO)
Package: bigintcalc 2012/04/08 v1.3 Expandable calculations on big integers (HO
)
Package: bitset 2011/01/30 v1.1 Handle bit-vector datatype (HO)
Package: uniquecounter 2011/01/30 v1.2 Provide unlimited unique counter (HO)
)
Package hobsub Info: Skipping package `hobsub' (already loaded).
Package: letltxmacro 2010/09/02 v1.4 Let assignment for LaTeX macros (HO)
Package: hopatch 2012/05/28 v1.2 Wrapper for package hooks (HO)
Package: xcolor-patch 2011/01/30 xcolor patch
Package: atveryend 2011/06/30 v1.8 Hooks at the very end of document (HO)
Package atveryend Info: \enddocument detected (standard20110627).
Package: atbegshi 2011/10/05 v1.16 At begin shipout hook (HO)
Package: refcount 2011/10/16 v3.4 Data extraction from label references (HO)
Package: hycolor 2011/01/30 v1.7 Color options for hyperref/bookmark (HO)
)
\@linkdim=\dimen123
\Hy@linkcounter=\count129
\Hy@pagecounter=\count130

(/usr/share/texlive/texmf-dist/tex/latex/hyperref/pd1enc.def
File: pd1enc.def 2012/05/13 v6.82q Hyperref: PDFDocEncoding definition (HO)
)
\Hy@SavedSpaceFactor=\count131

(/usr/share/texlive/texmf-dist/tex/latex/latexconfig/hyperref.cfg
File: hyperref.cfg 2002/06/06 v1.2 hyperref configuration of TeXLive
)
Package hyperref Info: Option `colorlinks' set `true' on input line 3941.
Package hyperref Info: Option `bookmarks' set `true' on input line 3941.
Package hyperref Info: Hyper figures OFF on input line 4062.
Package hyperref Info: Link nesting OFF on input line 4067.
Package hyperref Info: Hyper index ON on input line 4070.
Package hyperref Info: Plain pages OFF on input line 4077.
Package hyperref Info: Backreferencing ON on input line 4080.
Package hyperref Info: Implicit mode ON; LaTeX internals redefined.
Package hyperref Info: Bookmarks ON on input line 4300.

(/usr/share/texlive/texmf-dist/tex/latex/hyperref/backref.sty
Package: backref 2010/08/30 v1.36 Bibliographical back referencing

(/usr/share/texlive/texmf-dist/tex/latex/oberdiek/rerunfilecheck.sty
Package: rerunfilecheck 2011/04/15 v1.7 Rerun checks for auxiliary files (HO)
Package uniquecounter Info: New unique counter `rerunfilecheck' on input line 2
82.
))
\c@Hy@tempcnt=\count132

(/usr/share/texlive/texmf-dist/tex/latex/url/url.sty
\Urlmuskip=\muskip11
Package: url 2006/04/12  ver 3.3  Verb mode for urls, etc.
)
LaTeX Info: Redefining \url on input line 4653.
\Fld@menulength=\count133
\Field@Width=\dimen124
\Fld@charsize=\dimen125
Package hyperref Info: Hyper figures OFF on input line 5773.
Package hyperref Info: Link nesting OFF on input line 5778.
Package hyperref Info: Hyper index ON on input line 5781.
Package hyperref Info: backreferencing ON on input line 5786.
Package hyperref Info: Link coloring ON on input line 5791.
Package hyperref Info: Link coloring with OCG OFF on input line 5798.
Package hyperref Info: PDF/A mode OFF on input line 5803.
LaTeX Info: Redefining \ref on input line 5843.
LaTeX Info: Redefining \pageref on input line 5847.
\Hy@abspage=\count134
\c@Item=\count135
\c@Hfootnote=\count136
)

Package hyperref Message: Driver (autodetected): hpdftex.

(/usr/share/texlive/texmf-dist/tex/latex/hyperref/hpdftex.def
File: hpdftex.def 2012/05/13 v6.82q Hyperref driver for pdfTeX
\Fld@listcount=\count137
\c@bookmark@seq@number=\count138
\Hy@SectionHShift=\skip61
) (./lineno.sty
Package: lineno 2005/11/02 line numbers on paragraphs v4.41
\linenopenalty=\count139
\output=\toks26
\linenoprevgraf=\count140
\linenumbersep=\dimen126
\linenumberwidth=\dimen127
\c@linenumber=\count141
\c@pagewiselinenumber=\count142
\c@LN@truepage=\count143
\c@internallinenumber=\count144
\c@internallinenumbers=\count145
\quotelinenumbersep=\dimen128
\bframerule=\dimen129
\bframesep=\dimen130
\bframebox=\box28
LaTeX Info: Redefining \\ on input line 3056.
)
(/usr/share/texlive/texmf-dist/tex/latex/tools/longtable.sty
Package: longtable 2004/02/01 v4.11 Multi-page Table package (DPC)
\LTleft=\skip62
\LTright=\skip63
\LTpre=\skip64
\LTpost=\skip65
\LTchunksize=\count146
\LTcapwidth=\dimen131
\LT@head=\box29
\LT@firsthead=\box30
\LT@foot=\box31
\LT@lastfoot=\box32
\LT@cols=\count147
\LT@rows=\count148
\c@LT@tables=\count149
\c@LT@chunks=\count150
\LT@p@ftn=\toks27
)
(/usr/share/texlive/texmf-dist/tex/latex/placeins/placeins.sty
Package: placeins 2005/04/18  v 2.2
)
(/usr/share/texlive/texmf-dist/tex/latex/base/makeidx.sty
Package: makeidx 2000/03/29 v1.0m Standard LaTeX package
)
(/usr/share/texlive/texmf-dist/tex/latex/subfig/subfig.sty
Package: subfig 2005/06/28 ver: 1.3 subfig package
\c@KVtest=\count151
\sf@farskip=\skip66
\sf@captopadj=\dimen132
\sf@capskip=\skip67
\sf@nearskip=\skip68
\c@subfigure=\count152
\c@subfigure@save=\count153
\c@lofdepth=\count154
\c@subtable=\count155
\c@subtable@save=\count156
\c@lotdepth=\count157
\sf@top=\skip69
\sf@bottom=\skip70
)
(/usr/share/texlive/texmf-dist/tex/latex/booktabs/booktabs.sty
Package: booktabs 2005/04/14 v1.61803 publication quality tables
\heavyrulewidth=\dimen133
\lightrulewidth=\dimen134
\cmidrulewidth=\dimen135
\belowrulesep=\dimen136
\belowbottomsep=\dimen137
\aboverulesep=\dimen138
\abovetopsep=\dimen139
\cmidrulesep=\dimen140
\cmidrulekern=\dimen141
\defaultaddspace=\dimen142
\@cmidla=\count158
\@cmidlb=\count159
\@aboverulesep=\dimen143
\@belowrulesep=\dimen144
\@thisruleclass=\count160
\@lastruleclass=\count161
\@thisrulewidth=\dimen145
)
(/usr/share/texlive/texmf-dist/tex/latex/rotating/rotating.sty
Package: rotating 2009/03/28 v2.16a rotated objects in LaTeX
\c@r@tfl@t=\count162
\rotFPtop=\skip71
\rotFPbot=\skip72
\rot@float@box=\box33
\rot@mess@toks=\toks28
)
(/usr/share/texlive/texmf-dist/tex/latex/textpos/textpos.sty
Package: textpos 2012/06/01 v1.7h

Package: textpos 2012/06/01 1.7h, absolute positioning of text on the page
(/usr/share/texlive/texmf-dist/tex/latex/ms/everyshi.sty
Package: everyshi 2001/05/15 v3.00 EveryShipout Package (MS)
)
\TP@textbox=\box34
\TP@holdbox=\box35
\TPHorizModule=\dimen146
\TPVertModule=\dimen147
\TP@margin=\dimen148
\TP@absmargin=\dimen149

Grid set 16 x 16 = 37.34424pt x 52.81541pt
\TPboxrulesize=\dimen150
\TP@ox=\dimen151
\TP@oy=\dimen152
\TP@tbargs=\toks29
\TP@prevdepth=\dimen153
TextBlockOrigin set to 0pt x 0pt
) (/usr/share/texlive/texmf-dist/tex/latex/listings/listings.sty
\lst@mode=\count163
\lst@gtempboxa=\box36
\lst@token=\toks30
\lst@length=\count164
\lst@currlwidth=\dimen154
\lst@column=\count165
\lst@pos=\count166
\lst@lostspace=\dimen155
\lst@width=\dimen156
\lst@newlines=\count167
\lst@lineno=\count168
\lst@maxwidth=\dimen157

(/usr/share/texlive/texmf-dist/tex/latex/listings/lstmisc.sty
File: lstmisc.sty 2007/02/22 1.4 (Carsten Heinz)
\c@lstnumber=\count169
\lst@skipnumbers=\count170
\lst@framebox=\box37
)
(/usr/share/texlive/texmf-dist/tex/latex/listings/listings.cfg
File: listings.cfg 2007/02/22 1.4 listings configuration
))
Package: listings 2007/02/22 1.4 (Carsten Heinz)

(/usr/share/texlive/texmf-dist/tex/latex/listings/lstlang1.sty
File: lstlang1.sty 2004/09/05 1.3 listings language file
)
(/usr/share/texlive/texmf-dist/tex/latex/listings/lstmisc.sty
File: lstmisc.sty 2007/02/22 1.4 (Carsten Heinz)
)) (./thesis.aux
(./titlepage.aux))
\openout1 = `thesis.aux'.

LaTeX Font Info:    Checking defaults for OML/cmm/m/it on input line 43.
LaTeX Font Info:    ... okay on input line 43.
LaTeX Font Info:    Checking defaults for T1/cmr/m/n on input line 43.
LaTeX Font Info:    ... okay on input line 43.
LaTeX Font Info:    Checking defaults for OT1/cmr/m/n on input line 43.
LaTeX Font Info:    ... okay on input line 43.
LaTeX Font Info:    Checking defaults for OMS/cmsy/m/n on input line 43.
LaTeX Font Info:    ... okay on input line 43.
LaTeX Font Info:    Checking defaults for OMX/cmex/m/n on input line 43.
LaTeX Font Info:    ... okay on input line 43.
LaTeX Font Info:    Checking defaults for U/cmr/m/n on input line 43.
LaTeX Font Info:    ... okay on input line 43.
LaTeX Font Info:    Checking defaults for LGR/cmr/m/n on input line 43.
LaTeX Font Info:    Try loading font information for LGR+cmr on input line 43.
 (/usr/share/texlive/texmf-dist/tex/generic/babel/lgrcmr.fd
File: lgrcmr.fd 2008/06/17 v2.3 Greek Computer Modern
)
LaTeX Font Info:    ... okay on input line 43.
LaTeX Font Info:    Checking defaults for PD1/pdf/m/n on input line 43.
LaTeX Font Info:    ... okay on input line 43.

(/usr/share/texlive/texmf-dist/tex/context/base/supp-pdf.mkii
[Loading MPS to PDF converter (version 2006.09.02).]
\scratchcounter=\count171
\scratchdimen=\dimen158
\scratchbox=\box38
\nofMPsegments=\count172
\nofMParguments=\count173
\everyMPshowfont=\toks31
\MPscratchCnt=\count174
\MPscratchDim=\dimen159
\MPnumerator=\count175
\makeMPintoPDFobject=\count176
\everyMPtoPDFconversion=\toks32
) (/usr/share/texlive/texmf-dist/tex/latex/oberdiek/epstopdf-base.sty
Package: epstopdf-base 2010/02/09 v2.5 Base part for package epstopdf

(/usr/share/texlive/texmf-dist/tex/latex/oberdiek/grfext.sty
Package: grfext 2010/08/19 v1.1 Manage graphics extensions (HO)
)
Package grfext Info: Graphics extension search list:
(grfext)             [.png,.pdf,.jpg,.mps,.jpeg,.jbig2,.jb2,.PNG,.PDF,.JPG,.JPE
G,.JBIG2,.JB2,.eps]
(grfext)             \AppendGraphicsExtensions on input line 452.

(/usr/share/texlive/texmf-dist/tex/latex/latexconfig/epstopdf-sys.cfg
File: epstopdf-sys.cfg 2010/07/13 v1.3 Configuration of (r)epstopdf for TeX Liv
e
))
Package caption Info: Begin \AtBeginDocument code.
Package caption Info: subfig package v1.3 is loaded.
Package caption Info: hyperref package is loaded.
Package caption Info: listings package is loaded.
Package caption Info: longtable package is loaded.

(/usr/share/texlive/texmf-dist/tex/latex/caption/ltcaption.sty
Package: ltcaption 2011/09/12 v1.3 longtable captions (AR)
)
Package caption Info: rotating package is loaded.
Package caption Info: End \AtBeginDocument code.
\AtBeginShipoutBox=\box39
Package hyperref Info: Link coloring ON on input line 43.

(/usr/share/texlive/texmf-dist/tex/latex/hyperref/nameref.sty
Package: nameref 2010/04/30 v2.40 Cross-referencing by name of section

(/usr/share/texlive/texmf-dist/tex/generic/oberdiek/gettitlestring.sty
Package: gettitlestring 2010/12/03 v1.4 Cleanup title references (HO)
)
\c@section@level=\count177
)
LaTeX Info: Redefining \ref on input line 43.
LaTeX Info: Redefining \pageref on input line 43.
LaTeX Info: Redefining \nameref on input line 43.

(./thesis.out) (./thesis.out)
\@outlinefile=\write3
\openout3 = `thesis.out'.

 ABD: EveryShipout initializing macros
\c@lstlisting=\count178
\openout2 = `titlepage.aux'.


(./titlepage.tex <figures/logo-UvA-wide.jpg, id=107, 1127.21124pt x 168.63pt>
File: figures/logo-UvA-wide.jpg Graphic file (type jpg)

<use figures/logo-UvA-wide.jpg>
Package pdftex.def Info: figures/logo-UvA-wide.jpg used on input line 3.
(pdftex.def)             Requested size: 380.37437pt x 56.9055pt.
\backupparindent=\skip73
 [1{/var/lib/texmf/fonts/map/pdftex/updmap/pdftex.map}


 <./figures/logo-UvA-wide.jpg>]) [2


] (./chapters/abstract.tex) [3

]
[4

] (./thesis.toc)
\tf@toc=\write4
\openout4 = `thesis.toc'.

 [5

] [6

] (./thesis.lof)
\tf@lof=\write5
\openout5 = `thesis.lof'.

 [7

] [8

]
Chapter 1.
(./chapters/introduction.tex
Underfull \hbox (badness 10000) in paragraph at lines 5--6

 []


Underfull \hbox (badness 10000) in paragraph at lines 8--9

 []


Underfull \hbox (badness 10000) in paragraph at lines 11--13

 []


Underfull \hbox (badness 10000) in paragraph at lines 15--19

 []

[1

]
Underfull \hbox (badness 10000) in paragraph at lines 21--25

 []

) [2]
Chapter 2.
(./chapters/related_work.tex
Underfull \hbox (badness 10000) in paragraph at lines 2--4

 []


Underfull \hbox (badness 10000) in paragraph at lines 6--16

 []


Underfull \hbox (badness 10000) in paragraph at lines 19--21

 []


Underfull \hbox (badness 10000) in paragraph at lines 23--24

 []


Underfull \hbox (badness 10000) in paragraph at lines 26--27

 []

[3


]
Underfull \hbox (badness 10000) in paragraph at lines 46--47

 []


Underfull \hbox (badness 10000) in paragraph at lines 49--50

 []

) [4]
Chapter 3.
(./chapters/data_description.tex
<Pictures/floorplan.png, id=307, 542.025pt x 704.6325pt>
File: Pictures/floorplan.png Graphic file (type png)

<use Pictures/floorplan.png>
Package pdftex.def Info: Pictures/floorplan.png used on input line 9.
(pdftex.def)             Requested size: 297.20906pt x 386.38788pt.
 [5


] [6 <./Pictures/floorplan.png>]
<Pictures/SensorsMorningHN3Day34.png, id=322, 411.136pt x 432.817pt>
File: Pictures/SensorsMorningHN3Day34.png Graphic file (type png)

<use Pictures/SensorsMorningHN3Day34.png>
Package pdftex.def Info: Pictures/SensorsMorningHN3Day34.png used on input line
 42.
(pdftex.def)             Requested size: 191.0625pt x 201.13895pt.

<Pictures/SensorsNoonHN3Day34.png, id=323, 411.136pt x 432.817pt>
File: Pictures/SensorsNoonHN3Day34.png Graphic file (type png)

<use Pictures/SensorsNoonHN3Day34.png>
Package pdftex.def Info: Pictures/SensorsNoonHN3Day34.png used on input line 42
.
(pdftex.def)             Requested size: 191.0625pt x 201.13895pt.
) [7 <./Pictures/SensorsMorningHN3Day34.png (PNG copy)> <./Pictures/SensorsNoon
HN3Day34.png (PNG copy)>] [8

]
Chapter 4.
(./chapters/features.tex
Underfull \hbox (badness 10000) in paragraph at lines 1--3

 []


Package caption Warning: \label without proper \caption on input line 11.
See the caption package documentation for explanation.


LaTeX Warning: Reference `fig:FeatEx' on page 9 undefined on input line 4.


Underfull \hbox (badness 10000) in paragraph at lines 4--5

 []

<Pictures/FeatExample.png, id=335, 411.136pt x 308.352pt>
File: Pictures/FeatExample.png Graphic file (type png)

<use Pictures/FeatExample.png>
Package pdftex.def Info: Pictures/FeatExample.png used on input line 10.
(pdftex.def)             Requested size: 233.52373pt x 175.14609pt.


Package caption Warning: \label without proper \caption on input line 11.
See the caption package documentation for explanation.


LaTeX Warning: Reference `fig:FeatEx' on page 9 undefined on input line 39.


Package caption Warning: \label without proper \caption on input line 11.
See the caption package documentation for explanation.


LaTeX Warning: Reference `fig:FeatEx' on page 9 undefined on input line 39.


Underfull \hbox (badness 10000) in paragraph at lines 39--40

 []

[9

 <./Pictures/FeatExample.png>]
Underfull \hbox (badness 10000) in paragraph at lines 41--43

 []

<Pictures/OccurenceFineGrain.png, id=350, 411.136pt x 308.352pt>
File: Pictures/OccurenceFineGrain.png Graphic file (type png)

<use Pictures/OccurenceFineGrain.png>
Package pdftex.def Info: Pictures/OccurenceFineGrain.png used on input line 62.

(pdftex.def)             Requested size: 382.12502pt x 286.59972pt.


LaTeX Warning: `h' float specifier changed to `ht'.


Underfull \hbox (badness 10000) in paragraph at lines 68--69

 []

<Pictures/OccField2.png, id=352, 411.136pt x 308.352pt>
File: Pictures/OccField2.png Graphic file (type png)

<use Pictures/OccField2.png>
Package pdftex.def Info: Pictures/OccField2.png used on input line 73.
(pdftex.def)             Requested size: 382.12502pt x 286.59972pt.


LaTeX Warning: `h' float specifier changed to `ht'.

) [10] [11 <./Pictures/OccurenceFineGrain.png (PNG copy)> <./Pictures/OccField2
.png (PNG copy)>] [12

]
Chapter 5.
(./chapters/topic_models.tex
LaTeX Font Info:    Try loading font information for OMS+cmr on input line 13.

(/usr/share/texlive/texmf-dist/tex/latex/base/omscmr.fd
File: omscmr.fd 1999/05/25 v2.5h Standard LaTeX font definitions
)
LaTeX Font Info:    Font shape `OMS/cmr/m/n' in size <10> not available
(Font)              Font shape `OMS/cmsy/m/n' tried instead on input line 13.

(./Pictures/ModelBasic.pdf_tex
<Pictures/ModelBasic.pdf, id=370, 397.3244pt x 217.05782pt>
File: Pictures/ModelBasic.pdf Graphic file (type pdf)

<use Pictures/ModelBasic.pdf>
Package pdftex.def Info: Pictures/ModelBasic.pdf used on input line 52.
(pdftex.def)             Requested size: 400.0pt x 218.52449pt.
)

LaTeX Warning: `!h' float specifier changed to `!ht'.

[13

]
Underfull \hbox (badness 10000) in paragraph at lines 51--54

 []

[14 <./Pictures/ModelBasic.pdf>]
<Pictures/BOW.png, id=390, 623.32875pt x 793.96625pt>
File: Pictures/BOW.png Graphic file (type png)
 <use Pictures/BOW.png>
Package pdftex.def Info: Pictures/BOW.png used on input line 61.
(pdftex.def)             Requested size: 212.29312pt x 270.40532pt.

<Pictures/kMeans.png, id=391, 625.33624pt x 790.955pt>
File: Pictures/kMeans.png Graphic file (type png)

<use Pictures/kMeans.png>
Package pdftex.def Info: Pictures/kMeans.png used on input line 61.
(pdftex.def)             Requested size: 212.29312pt x 268.5108pt.

Overfull \hbox (24.0pt too wide) in paragraph at lines 60--64
 [][] 
 []


Underfull \hbox (badness 10000) in paragraph at lines 70--71

 []

(./Pictures/GMM1.pdf_tex <Pictures/GMM1.pdf, id=393, 368.2257pt x 453.12144pt>
File: Pictures/GMM1.pdf Graphic file (type pdf)

<use Pictures/GMM1.pdf>
Package pdftex.def Info: Pictures/GMM1.pdf used on input line 52.
(pdftex.def)             Requested size: 191.0625pt x 235.11285pt.
) (./Pictures/GMM2.pdf_tex
<Pictures/GMM2.pdf, id=394, 368.2257pt x 453.12144pt>
File: Pictures/GMM2.pdf Graphic file (type pdf)
 <use Pictures/GMM2.pdf>
Package pdftex.def Info: Pictures/GMM2.pdf used on input line 52.
(pdftex.def)             Requested size: 191.0625pt x 235.11285pt.
)

LaTeX Warning: `h' float specifier changed to `ht'.


Underfull \hbox (badness 10000) in paragraph at lines 83--84

 []

[15 <./Pictures/BOW.png> <./Pictures/kMeans.png>] [16 <./Pictures/GMM1.pdf> <./
Pictures/GMM2.pdf

pdfTeX warning: /usr/bin/pdflatex (file ./Pictures/GMM2.pdf): PDF inclusion: mu
ltiple pdfs with page group included in a single page
>] (./Pictures/ModelExt.pdf_tex
<Pictures/ModelExt.pdf, id=421, 363.76862pt x 219.29428pt>
File: Pictures/ModelExt.pdf Graphic file (type pdf)

<use Pictures/ModelExt.pdf>
Package pdftex.def Info: Pictures/ModelExt.pdf used on input line 52.
(pdftex.def)             Requested size: 339.67029pt x 204.77475pt.
)
Underfull \vbox (badness 1596) has occurred while \output is active []

 [17 <./Pictures/ModelExt.pdf>] (./Pictures/approxModel2.pdf_tex
<Pictures/approxModel2.pdf, id=434, 476.30939pt x 395.879pt>
File: Pictures/approxModel2.pdf Graphic file (type pdf)

<use Pictures/approxModel2.pdf>
Package pdftex.def Info: Pictures/approxModel2.pdf used on input line 52.
(pdftex.def)             Requested size: 169.8319pt x 141.15114pt.
)
Underfull \hbox (badness 10000) in paragraph at lines 271--273

 []

[18 <./Pictures/approxModel2.pdf>]
Underfull \hbox (badness 10000) in paragraph at lines 291--293

 []


Underfull \hbox (badness 10000) in paragraph at lines 310--311

 []

[19] (./Pictures/ModelPois.pdf_tex
<Pictures/ModelPois.pdf, id=469, 363.76862pt x 219.29428pt>
File: Pictures/ModelPois.pdf Graphic file (type pdf)

<use Pictures/ModelPois.pdf>
Package pdftex.def Info: Pictures/ModelPois.pdf used on input line 52.
(pdftex.def)             Requested size: 339.67029pt x 204.77475pt.
)) [20 <./Pictures/ModelPois.pdf>]
Chapter 6.
(./chapters/experiments.tex
Underfull \hbox (badness 10000) in paragraph at lines 7--8

 []


Underfull \hbox (badness 10000) in paragraph at lines 10--11

 []

<Pictures/DayTopicsTs96k5Clus.png, id=484, 411.136pt x 308.352pt>
File: Pictures/DayTopicsTs96k5Clus.png Graphic file (type png)

<use Pictures/DayTopicsTs96k5Clus.png>
Package pdftex.def Info: Pictures/DayTopicsTs96k5Clus.png used on input line 16
.
(pdftex.def)             Requested size: 191.0625pt x 143.2975pt.

<Pictures/DayTopicsTs96k5bow.png, id=485, 411.136pt x 308.352pt>
File: Pictures/DayTopicsTs96k5bow.png Graphic file (type png)

<use Pictures/DayTopicsTs96k5bow.png>
Package pdftex.def Info: Pictures/DayTopicsTs96k5bow.png used on input line 18.

(pdftex.def)             Requested size: 191.0625pt x 143.2975pt.

Underfull \vbox (badness 10000) has occurred while \output is active []

 [21


]
Underfull \hbox (badness 10000) in paragraph at lines 27--28

 []

<Pictures/TopDayHN3TS96k5Gaus.png, id=492, 411.136pt x 308.352pt>
File: Pictures/TopDayHN3TS96k5Gaus.png Graphic file (type png)

<use Pictures/TopDayHN3TS96k5Gaus.png>
Package pdftex.def Info: Pictures/TopDayHN3TS96k5Gaus.png used on input line 33
.
(pdftex.def)             Requested size: 191.0625pt x 143.2975pt.

<Pictures/TopVisuHN3TS96k5Gaus.png, id=493, 411.136pt x 308.352pt>
File: Pictures/TopVisuHN3TS96k5Gaus.png Graphic file (type png)

<use Pictures/TopVisuHN3TS96k5Gaus.png>
Package pdftex.def Info: Pictures/TopVisuHN3TS96k5Gaus.png used on input line 3
5.
(pdftex.def)             Requested size: 191.0625pt x 143.2975pt.

Underfull \hbox (badness 10000) in paragraph at lines 42--43

 []


Underfull \vbox (badness 10000) has occurred while \output is active []

 [22 <./Pictures/DayTopicsTs96k5Clus.png (PNG copy)> <./Pictures/DayTopicsTs96k
5bow.png (PNG copy)> <./Pictures/TopDayHN3TS96k5Gaus.png (PNG copy)> <./Picture
s/TopVisuHN3TS96k5Gaus.png (PNG copy)>]
<Pictures/TopDayHN3TS96k5Pois.png, id=501, 411.136pt x 308.352pt>
File: Pictures/TopDayHN3TS96k5Pois.png Graphic file (type png)

<use Pictures/TopDayHN3TS96k5Pois.png>
Package pdftex.def Info: Pictures/TopDayHN3TS96k5Pois.png used on input line 49
.
(pdftex.def)             Requested size: 191.0625pt x 143.2975pt.

<Pictures/TopVisuHN3TS96k5Pois.png, id=502, 411.136pt x 308.352pt>
File: Pictures/TopVisuHN3TS96k5Pois.png Graphic file (type png)

<use Pictures/TopVisuHN3TS96k5Pois.png>
Package pdftex.def Info: Pictures/TopVisuHN3TS96k5Pois.png used on input line 5
1.
(pdftex.def)             Requested size: 191.0625pt x 143.2975pt.


LaTeX Warning: Reference `chapter:appendix_1' on page 23 undefined on input lin
e 65.


Underfull \hbox (badness 10000) in paragraph at lines 65--66

 []


LaTeX Warning: Reference `fig:HN1Gaus20fine)' on page 23 undefined on input lin
e 67.


Underfull \hbox (badness 10000) in paragraph at lines 67--68

 []


Underfull \hbox (badness 10000) in paragraph at lines 69--70

 []

[23 <./Pictures/TopDayHN3TS96k5Pois.png (PNG copy)> <./Pictures/TopVisuHN3TS96k
5Pois.png (PNG copy)>]
<Pictures/Pois/fine/DayHN1TS48k20fine.png, id=515, 411.136pt x 459.316pt>
File: Pictures/Pois/fine/DayHN1TS48k20fine.png Graphic file (type png)

<use Pictures/Pois/fine/DayHN1TS48k20fine.png>
Package pdftex.def Info: Pictures/Pois/fine/DayHN1TS48k20fine.png used on input
 line 76.
(pdftex.def)             Requested size: 191.0625pt x 213.45357pt.

<Pictures/Pois/fine/TopHN1TS48k20fine.png, id=516, 411.136pt x 460.922pt>
File: Pictures/Pois/fine/TopHN1TS48k20fine.png Graphic file (type png)

<use Pictures/Pois/fine/TopHN1TS48k20fine.png>
Package pdftex.def Info: Pictures/Pois/fine/TopHN1TS48k20fine.png used on input
 line 78.
(pdftex.def)             Requested size: 191.0625pt x 214.1999pt.

<Pictures/Gaus/fine/DayHN5TS48k20fine.png, id=517, 411.136pt x 481.8pt>
File: Pictures/Gaus/fine/DayHN5TS48k20fine.png Graphic file (type png)

<use Pictures/Gaus/fine/DayHN5TS48k20fine.png>
Package pdftex.def Info: Pictures/Gaus/fine/DayHN5TS48k20fine.png used on input
 line 88.
(pdftex.def)             Requested size: 191.0625pt x 223.90234pt.

<Pictures/Gaus/fine/TopHN5TS48k20fine.png, id=518, 411.136pt x 482.603pt>
File: Pictures/Gaus/fine/TopHN5TS48k20fine.png Graphic file (type png)

<use Pictures/Gaus/fine/TopHN5TS48k20fine.png>
Package pdftex.def Info: Pictures/Gaus/fine/TopHN5TS48k20fine.png used on input
 line 90.
(pdftex.def)             Requested size: 191.0625pt x 224.27553pt.

<Pictures/Gaus/fine/DayHN1TS48k20fine.png, id=519, 411.136pt x 479.391pt>
File: Pictures/Gaus/fine/DayHN1TS48k20fine.png Graphic file (type png)

<use Pictures/Gaus/fine/DayHN1TS48k20fine.png>
Package pdftex.def Info: Pictures/Gaus/fine/DayHN1TS48k20fine.png used on input
 line 100.
(pdftex.def)             Requested size: 191.0625pt x 222.78284pt.

<Pictures/Gaus/fine/TopHN1TS48k20fine.png, id=520, 411.136pt x 480.997pt>
File: Pictures/Gaus/fine/TopHN1TS48k20fine.png Graphic file (type png)

<use Pictures/Gaus/fine/TopHN1TS48k20fine.png>
Package pdftex.def Info: Pictures/Gaus/fine/TopHN1TS48k20fine.png used on input
 line 102.
(pdftex.def)             Requested size: 191.0625pt x 223.52917pt.

Underfull \vbox (badness 10000) has occurred while \output is active []

 [24 <./Pictures/Pois/fine/DayHN1TS48k20fine.png (PNG copy)> <./Pictures/Pois/f
ine/TopHN1TS48k20fine.png (PNG copy)>] [25 <./Pictures/Gaus/fine/DayHN5TS48k20f
ine.png (PNG copy)> <./Pictures/Gaus/fine/TopHN5TS48k20fine.png (PNG copy)> <./
Pictures/Gaus/fine/DayHN1TS48k20fine.png (PNG copy)> <./Pictures/Gaus/fine/TopH
N1TS48k20fine.png (PNG copy)>]
Underfull \hbox (badness 10000) in paragraph at lines 117--118

 []

<Pictures/PerplGaus.png, id=530, 573.342pt x 317.185pt>
File: Pictures/PerplGaus.png Graphic file (type png)

<use Pictures/PerplGaus.png>
Package pdftex.def Info: Pictures/PerplGaus.png used on input line 127.
(pdftex.def)             Requested size: 297.20906pt x 164.42896pt.

Underfull \vbox (badness 10000) has occurred while \output is active []

 [26 <./Pictures/PerplGaus.png (PNG copy)>]
Underfull \hbox (badness 10000) in paragraph at lines 134--135

 []

<Pictures/CompareTSgausPois.png, id=538, 411.136pt x 308.352pt>
File: Pictures/CompareTSgausPois.png Graphic file (type png)

<use Pictures/CompareTSgausPois.png>
Package pdftex.def Info: Pictures/CompareTSgausPois.png used on input line 138.

(pdftex.def)             Requested size: 297.20906pt x 222.91193pt.

Underfull \hbox (badness 10000) in paragraph at lines 143--144

 []

<Pictures/CompareCrossTops.png, id=540, 449.68pt x 337.26pt>
File: Pictures/CompareCrossTops.png Graphic file (type png)

<use Pictures/CompareCrossTops.png>
Package pdftex.def Info: Pictures/CompareCrossTops.png used on input line 150.
(pdftex.def)             Requested size: 297.20906pt x 222.91649pt.


LaTeX Warning: `!h' float specifier changed to `!ht'.

) [27 <./Pictures/CompareTSgausPois.png (PNG copy)>] [28 <./Pictures/CompareCro
ssTops.png (PNG copy)>]
Chapter 7.
(./chapters/conclusions.tex
Underfull \hbox (badness 10000) in paragraph at lines 2--3

 []


Underfull \hbox (badness 10000) in paragraph at lines 5--6

 []


Underfull \hbox (badness 10000) in paragraph at lines 8--9

 []


Underfull \hbox (badness 10000) in paragraph at lines 12--14

 []


Underfull \hbox (badness 10000) in paragraph at lines 16--18

 []

[29


]) [30] (./thesis.bbl (./thesis.brf)
\tf@brf=\write6
\openout6 = `thesis.brf'.

 [31


]) [32] (./appendices/main.tex
Appendix A.
File: Pictures/Gaus/fine/DayHN1TS48k20fine.png Graphic file (type png)
<use Pictures/Gaus/fine/DayHN1TS48k20fine.png>
Package pdftex.def Info: Pictures/Gaus/fine/DayHN1TS48k20fine.png used on input
 line 10.
(pdftex.def)             Requested size: 191.0625pt x 222.78284pt.
File: Pictures/Gaus/fine/TopHN1TS48k20fine.png Graphic file (type png)

<use Pictures/Gaus/fine/TopHN1TS48k20fine.png>
Package pdftex.def Info: Pictures/Gaus/fine/TopHN1TS48k20fine.png used on input
 line 12.
(pdftex.def)             Requested size: 191.0625pt x 223.52917pt.

<Pictures/Gaus/fine/DayHN2TS48k20fine.png, id=603, 411.136pt x 480.194pt>
File: Pictures/Gaus/fine/DayHN2TS48k20fine.png Graphic file (type png)

<use Pictures/Gaus/fine/DayHN2TS48k20fine.png>
Package pdftex.def Info: Pictures/Gaus/fine/DayHN2TS48k20fine.png used on input
 line 21.
(pdftex.def)             Requested size: 191.0625pt x 223.156pt.

<Pictures/Gaus/fine/TopHN2TS48k20fine.png, id=604, 411.136pt x 479.391pt>
File: Pictures/Gaus/fine/TopHN2TS48k20fine.png Graphic file (type png)

<use Pictures/Gaus/fine/TopHN2TS48k20fine.png>
Package pdftex.def Info: Pictures/Gaus/fine/TopHN2TS48k20fine.png used on input
 line 23.
(pdftex.def)             Requested size: 191.0625pt x 222.78284pt.


LaTeX Warning: `!h' float specifier changed to `!ht'.

<Pictures/Gaus/fine/DayHN3TS48k20fine.png, id=605, 411.136pt x 480.194pt>
File: Pictures/Gaus/fine/DayHN3TS48k20fine.png Graphic file (type png)

<use Pictures/Gaus/fine/DayHN3TS48k20fine.png>
Package pdftex.def Info: Pictures/Gaus/fine/DayHN3TS48k20fine.png used on input
 line 32.
(pdftex.def)             Requested size: 191.0625pt x 223.156pt.

<Pictures/Gaus/fine/TopHN3TS48k20fine.png, id=606, 411.136pt x 481.8pt>
File: Pictures/Gaus/fine/TopHN3TS48k20fine.png Graphic file (type png)

<use Pictures/Gaus/fine/TopHN3TS48k20fine.png>
Package pdftex.def Info: Pictures/Gaus/fine/TopHN3TS48k20fine.png used on input
 line 34.
(pdftex.def)             Requested size: 191.0625pt x 223.90234pt.


LaTeX Warning: `!h' float specifier changed to `!ht'.

<Pictures/Gaus/fine/DayHN4TS48k20fine.png, id=607, 411.136pt x 480.194pt>
File: Pictures/Gaus/fine/DayHN4TS48k20fine.png Graphic file (type png)

<use Pictures/Gaus/fine/DayHN4TS48k20fine.png>
Package pdftex.def Info: Pictures/Gaus/fine/DayHN4TS48k20fine.png used on input
 line 43.
(pdftex.def)             Requested size: 191.0625pt x 223.156pt.

<Pictures/Gaus/fine/TopHN4TS48k20fine.png, id=608, 411.136pt x 478.588pt>
File: Pictures/Gaus/fine/TopHN4TS48k20fine.png Graphic file (type png)

<use Pictures/Gaus/fine/TopHN4TS48k20fine.png>
Package pdftex.def Info: Pictures/Gaus/fine/TopHN4TS48k20fine.png used on input
 line 45.
(pdftex.def)             Requested size: 191.0625pt x 222.40967pt.


LaTeX Warning: `!h' float specifier changed to `!ht'.

File: Pictures/Gaus/fine/DayHN5TS48k20fine.png Graphic file (type png)
<use Pictures/Gaus/fine/DayHN5TS48k20fine.png>
Package pdftex.def Info: Pictures/Gaus/fine/DayHN5TS48k20fine.png used on input
 line 54.
(pdftex.def)             Requested size: 191.0625pt x 223.90234pt.
File: Pictures/Gaus/fine/TopHN5TS48k20fine.png Graphic file (type png)

<use Pictures/Gaus/fine/TopHN5TS48k20fine.png>
Package pdftex.def Info: Pictures/Gaus/fine/TopHN5TS48k20fine.png used on input
 line 56.
(pdftex.def)             Requested size: 191.0625pt x 224.27553pt.


LaTeX Warning: `!h' float specifier changed to `!ht'.

[33


] [34 <./Pictures/Gaus/fine/DayHN2TS48k20fine.png (PNG copy)> <./Pictures/Gaus/
fine/TopHN2TS48k20fine.png (PNG copy)> <./Pictures/Gaus/fine/DayHN3TS48k20fine.
png (PNG copy)> <./Pictures/Gaus/fine/TopHN3TS48k20fine.png (PNG copy)>]
[35 <./Pictures/Gaus/fine/DayHN4TS48k20fine.png (PNG copy)> <./Pictures/Gaus/fi
ne/TopHN4TS48k20fine.png (PNG copy)>]
Appendix B.
File: Pictures/Pois/fine/DayHN1TS48k20fine.png Graphic file (type png)
<use Pictures/Pois/fine/DayHN1TS48k20fine.png>
Package pdftex.def Info: Pictures/Pois/fine/DayHN1TS48k20fine.png used on input
 line 69.
(pdftex.def)             Requested size: 191.0625pt x 213.45357pt.
File: Pictures/Pois/fine/TopHN1TS48k20fine.png Graphic file (type png)

<use Pictures/Pois/fine/TopHN1TS48k20fine.png>
Package pdftex.def Info: Pictures/Pois/fine/TopHN1TS48k20fine.png used on input
 line 71.
(pdftex.def)             Requested size: 191.0625pt x 214.1999pt.

<Pictures/Pois/fine/DayHN2TS48k20fine.png, id=623, 411.136pt x 479.391pt>
File: Pictures/Pois/fine/DayHN2TS48k20fine.png Graphic file (type png)

<use Pictures/Pois/fine/DayHN2TS48k20fine.png>
Package pdftex.def Info: Pictures/Pois/fine/DayHN2TS48k20fine.png used on input
 line 80.
(pdftex.def)             Requested size: 191.0625pt x 222.78284pt.

<Pictures/Pois/fine/TopHN2TS48k20fine.png, id=624, 411.136pt x 480.997pt>
File: Pictures/Pois/fine/TopHN2TS48k20fine.png Graphic file (type png)

<use Pictures/Pois/fine/TopHN2TS48k20fine.png>
Package pdftex.def Info: Pictures/Pois/fine/TopHN2TS48k20fine.png used on input
 line 82.
(pdftex.def)             Requested size: 191.0625pt x 223.52917pt.


LaTeX Warning: `!h' float specifier changed to `!ht'.

<Pictures/Pois/fine/DayHN3TS48k20fine.png, id=625, 411.136pt x 478.588pt>
File: Pictures/Pois/fine/DayHN3TS48k20fine.png Graphic file (type png)

<use Pictures/Pois/fine/DayHN3TS48k20fine.png>
Package pdftex.def Info: Pictures/Pois/fine/DayHN3TS48k20fine.png used on input
 line 91.
(pdftex.def)             Requested size: 191.0625pt x 222.40967pt.

<Pictures/Pois/fine/TopHN3TS48k20fine.png, id=626, 411.136pt x 483.406pt>
File: Pictures/Pois/fine/TopHN3TS48k20fine.png Graphic file (type png)

<use Pictures/Pois/fine/TopHN3TS48k20fine.png>
Package pdftex.def Info: Pictures/Pois/fine/TopHN3TS48k20fine.png used on input
 line 93.
(pdftex.def)             Requested size: 191.0625pt x 224.6487pt.


LaTeX Warning: `!h' float specifier changed to `!ht'.

<Pictures/Pois/fine/DayHN4TS48k20fine.png, id=627, 411.136pt x 483.406pt>
File: Pictures/Pois/fine/DayHN4TS48k20fine.png Graphic file (type png)

<use Pictures/Pois/fine/DayHN4TS48k20fine.png>
Package pdftex.def Info: Pictures/Pois/fine/DayHN4TS48k20fine.png used on input
 line 102.
(pdftex.def)             Requested size: 191.0625pt x 224.6487pt.

<Pictures/Pois/fine/TopHN4TS48k20fine.png, id=628, 411.136pt x 483.406pt>
File: Pictures/Pois/fine/TopHN4TS48k20fine.png Graphic file (type png)

<use Pictures/Pois/fine/TopHN4TS48k20fine.png>
Package pdftex.def Info: Pictures/Pois/fine/TopHN4TS48k20fine.png used on input
 line 104.
(pdftex.def)             Requested size: 191.0625pt x 224.6487pt.


LaTeX Warning: `!h' float specifier changed to `!ht'.

<Pictures/Pois/fine/DayHN5TS48k20fine.png, id=629, 411.136pt x 477.785pt>
File: Pictures/Pois/fine/DayHN5TS48k20fine.png Graphic file (type png)

<use Pictures/Pois/fine/DayHN5TS48k20fine.png>
Package pdftex.def Info: Pictures/Pois/fine/DayHN5TS48k20fine.png used on input
 line 113.
(pdftex.def)             Requested size: 191.0625pt x 222.0365pt.

<Pictures/Pois/fine/TopHN5TS48k20fine.png, id=630, 411.136pt x 478.588pt>
File: Pictures/Pois/fine/TopHN5TS48k20fine.png Graphic file (type png)

<use Pictures/Pois/fine/TopHN5TS48k20fine.png>
Package pdftex.def Info: Pictures/Pois/fine/TopHN5TS48k20fine.png used on input
 line 115.
(pdftex.def)             Requested size: 191.0625pt x 222.40967pt.


LaTeX Warning: `!h' float specifier changed to `!ht'.

)
Package atveryend Info: Empty hook `BeforeClearDocument' on input line 146.
 [36

] [37 <./Pictures/Pois/fine/DayHN2TS48k20fine.png (PNG copy)> <./Pictures/Pois/
fine/TopHN2TS48k20fine.png (PNG copy)> <./Pictures/Pois/fine/DayHN3TS48k20fine.
png (PNG copy)> <./Pictures/Pois/fine/TopHN3TS48k20fine.png (PNG copy)>]
[38 <./Pictures/Pois/fine/DayHN4TS48k20fine.png (PNG copy)> <./Pictures/Pois/fi
ne/TopHN4TS48k20fine.png (PNG copy)> <./Pictures/Pois/fine/DayHN5TS48k20fine.pn
g (PNG copy)> <./Pictures/Pois/fine/TopHN5TS48k20fine.png (PNG copy)>]
Package atveryend Info: Empty hook `AfterLastShipout' on input line 146.

(./thesis.aux (./titlepage.aux))
Package atveryend Info: Executing hook `AtVeryEndDocument' on input line 146.
Package atveryend Info: Executing hook `AtEndAfterFileList' on input line 146.
Package rerunfilecheck Info: File `thesis.out' has not changed.
(rerunfilecheck)             Checksum: 25CB1866821F06CAF507A9505926B377;1527.
Package rerunfilecheck Info: File `thesis.brf' has not changed.
(rerunfilecheck)             Checksum: C4FCF0A9379A66222A8D313D85DE9495;1658.


LaTeX Warning: There were undefined references.

Package atveryend Info: Empty hook `AtVeryVeryEnd' on input line 146.
 ) 
Here is how much of TeX's memory you used:
 10938 strings out of 495059
 168940 string characters out of 3182030
 296997 words of memory out of 3000000
 13674 multiletter control sequences out of 15000+200000
 14121 words of font info for 49 fonts, out of 3000000 for 9000
 14 hyphenation exceptions out of 8191
 43i,17n,51p,1283b,488s stack positions out of 5000i,500n,10000p,200000b,50000s
</usr/share/texlive/texmf-dist/fonts/type1/public/amsfonts/cm/cmbx10.pfb></us
r/share/texlive/texmf-dist/fonts/type1/public/amsfonts/cm/cmbx12.pfb></usr/shar
e/texlive/texmf-dist/fonts/type1/public/amsfonts/cm/cmex10.pfb></usr/share/texl
ive/texmf-dist/fonts/type1/public/amsfonts/cm/cmmi10.pfb></usr/share/texlive/te
xmf-dist/fonts/type1/public/amsfonts/cm/cmmi5.pfb></usr/share/texlive/texmf-dis
t/fonts/type1/public/amsfonts/cm/cmmi7.pfb></usr/share/texlive/texmf-dist/fonts
/type1/public/amsfonts/cm/cmmib10.pfb></usr/share/texlive/texmf-dist/fonts/type
1/public/amsfonts/cm/cmr10.pfb></usr/share/texlive/texmf-dist/fonts/type1/publi
c/amsfonts/cm/cmr12.pfb></usr/share/texlive/texmf-dist/fonts/type1/public/amsfo
nts/cm/cmr7.pfb></usr/share/texlive/texmf-dist/fonts/type1/public/amsfonts/cm/c
msl10.pfb></usr/share/texlive/texmf-dist/fonts/type1/public/amsfonts/cm/cmsy10.
pfb></usr/share/texlive/texmf-dist/fonts/type1/public/amsfonts/cm/cmsy7.pfb></u
sr/share/texlive/texmf-dist/fonts/type1/public/amsfonts/cm/cmti10.pfb></usr/sha
re/texlive/texmf-dist/fonts/type1/public/amsfonts/cm/cmti12.pfb>
Output written on thesis.pdf (46 pages, 977160 bytes).
PDF statistics:
 733 PDF objects out of 1000 (max. 8388607)
 613 compressed objects within 7 object streams
 156 named destinations out of 1000 (max. 500000)
 429 words of extra memory for PDF output out of 10000 (max. 10000000)

