\BOOKMARK [0][-]{chapter*.2}{Contents}{}% 1
\BOOKMARK [0][-]{chapter*.3}{List of Figures}{}% 2
\BOOKMARK [0][-]{chapter.1}{Introduction}{}% 3
\BOOKMARK [0][-]{chapter.2}{Related Work}{}% 4
\BOOKMARK [0][-]{chapter.3}{Data Description}{}% 5
\BOOKMARK [1][-]{section.3.1}{Homes and persons}{chapter.3}% 6
\BOOKMARK [1][-]{section.3.2}{Sensors}{chapter.3}% 7
\BOOKMARK [1][-]{section.3.3}{Received Data}{chapter.3}% 8
\BOOKMARK [0][-]{chapter.4}{Features}{}% 9
\BOOKMARK [0][-]{chapter.5}{Topic Models}{}% 10
\BOOKMARK [1][-]{section.5.1}{Introduction to Topic Models}{chapter.5}% 11
\BOOKMARK [1][-]{section.5.2}{Topic models with Sensor Data}{chapter.5}% 12
\BOOKMARK [1][-]{section.5.3}{LDA-Gaussian Model}{chapter.5}% 13
\BOOKMARK [2][-]{subsection.5.3.1}{Model Description}{section.5.3}% 14
\BOOKMARK [2][-]{subsection.5.3.2}{Variational Inference}{section.5.3}% 15
\BOOKMARK [1][-]{section.5.4}{LDA-Poisson Model}{chapter.5}% 16
\BOOKMARK [0][-]{chapter.6}{Experiments}{}% 17
\BOOKMARK [1][-]{section.6.1}{Qualitative Results}{chapter.6}% 18
\BOOKMARK [2][-]{subsection.6.1.1}{Comparison of the different models}{section.6.1}% 19
\BOOKMARK [2][-]{subsection.6.1.2}{Semantic topic description}{section.6.1}% 20
\BOOKMARK [2][-]{subsection.6.1.3}{Quantitative Results}{section.6.1}% 21
\BOOKMARK [0][-]{chapter.7}{Conclusions}{}% 22
\BOOKMARK [0][-]{chapter*.30}{Bibliography}{}% 23
\BOOKMARK [0][-]{chapter*.30}{Appendix}{}% 24
\BOOKMARK [0][-]{appendix.A}{LDA-Gaussian}{}% 25
\BOOKMARK [0][-]{appendix.B}{LDA-Poisson}{}% 26
