#
# A fatal error has been detected by the Java Runtime Environment:
#
#  Internal Error (os_windows_x86.cpp:114), pid=404, tid=5236
#  Error: guarantee(result == -1,"Unexpected result from topLevelExceptionFilter")
#
# JRE version: 6.0_17-b04
# Java VM: Java HotSpot(TM) 64-Bit Server VM (14.3-b01 mixed mode windows-amd64 )
# If you would like to submit a bug report, please visit:
#   http://java.sun.com/webapps/bugreport/crash.jsp
# The crash happened outside the Java Virtual Machine in native code.
# See problematic frame for where to report the bug.
#

---------------  T H R E A D  ---------------

Current thread (0x0000000004f42000):  JavaThread "main" [_thread_in_native, id=5236, stack(0x0000000000070000,0x0000000004070000)]

Stack: [0x0000000000070000,0x0000000004070000]
[error occurred during error reporting (printing stack bounds), id 0xc0000005]

Java frames: (J=compiled Java code, j=interpreted, Vv=VM code)
j  com.mathworks.jmi.NativeMatlab.ProcessPendingEvents()Z+0
j  com.mathworks.jmi.NativeMatlab.processPendingEvents()Z+8
j  com.mathworks.jmi.Matlab$ProcessPendingEvents.callBooleanMethod(Ljava/lang/Object;)Z+0
j  com.mathworks.util.FactoryUtils.processPendingEvents()Z+12
j  com.mathworks.mde.desk.MLDesktop.canClose()Z+84
j  com.mathworks.mde.desk.MLDesktop$2.call()Ljava/lang/Boolean;+4
j  com.mathworks.mde.desk.MLDesktop$2.call()Ljava/lang/Object;+1
j  com.mathworks.jmi.Matlab.isOkToExit()Z+54
v  ~StubRoutines::call_stub
j  com.mathworks.jmi.NativeMatlab.SendMatlabMessage(Ljava/lang/Object;)Ljava/lang/Object;+0
j  com.mathworks.jmi.NativeMatlab.sendMatlabMessage(Ljava/lang/Object;)Ljava/lang/Object;+22
j  com.mathworks.jmi.MatlabLooper.sendMatlabMessage(Lcom/mathworks/services/message/MWMessage;)Ljava/lang/Object;+20
j  com.mathworks.jmi.Matlab.mtFevalConsoleOutput(Ljava/lang/String;[Ljava/lang/Object;I)Ljava/lang/Object;+58
j  com.mathworks.mde.desk.MLDesktop$9.run()V+14
j  com.mathworks.jmi.NativeMatlab.dispatchMTRequests(Z)V+57
v  ~StubRoutines::call_stub

---------------  P R O C E S S  ---------------

Java Threads: ( => current thread )
  0x000000005f5f4000 JavaThread "RequestQueue for GenericFileList" [_thread_blocked, id=4940, stack(0x0000000025490000,0x0000000025510000)]
  0x000000005f5f8800 JavaThread "Code Analyzer updating thread" [_thread_blocked, id=6264, stack(0x00000000252f0000,0x0000000025370000)]
  0x000000005f5ed000 JavaThread "Code Analyzer updating thread" [_thread_blocked, id=1836, stack(0x00000000600f0000,0x0000000060170000)]
  0x000000006a595800 JavaThread "Timer queue for AWT thread" daemon [_thread_blocked, id=5788, stack(0x0000000025380000,0x0000000025400000)]
  0x000000006a594800 JavaThread "Foxtrot Single Worker Thread #1" daemon [_thread_blocked, id=4172, stack(0x0000000007860000,0x00000000078e0000)]
  0x000000006a592000 JavaThread "Timer-133" [_thread_blocked, id=440, stack(0x0000000022b20000,0x0000000022ba0000)]
  0x000000005f5f3800 JavaThread "pool-5-thread-1" [_thread_blocked, id=4116, stack(0x00000000077c0000,0x0000000007840000)]
  0x000000005f5f7800 JavaThread "pool-3-thread-1" [_thread_blocked, id=1524, stack(0x00000000076d0000,0x0000000007750000)]
  0x000000005f5f7000 JavaThread "Code Analyzer updating thread" [_thread_blocked, id=3180, stack(0x0000000025410000,0x0000000025490000)]
  0x000000005f5f6800 JavaThread "Code Analyzer updating thread" [_thread_blocked, id=2664, stack(0x00000000231c0000,0x0000000023240000)]
  0x000000005f5f2000 JavaThread "Code Analyzer updating thread" [_thread_blocked, id=5244, stack(0x00000000652a0000,0x0000000065320000)]
  0x000000005f5f1000 JavaThread "Code Analyzer updating thread" [_thread_blocked, id=4808, stack(0x00000000651e0000,0x0000000065260000)]
  0x000000005f5f0800 JavaThread "Active Reference Queue Daemon" daemon [_thread_blocked, id=4392, stack(0x0000000064e50000,0x0000000064ed0000)]
  0x000000005f5f0000 JavaThread "Timer-7" daemon [_thread_blocked, id=1132, stack(0x00000000650d0000,0x0000000065150000)]
  0x000000005f5ef000 JavaThread "Timer-6" daemon [_thread_blocked, id=2352, stack(0x0000000049b40000,0x0000000049bc0000)]
  0x000000005f5ec000 JavaThread "Prefs Updater" daemon [_thread_blocked, id=4816, stack(0x0000000062a30000,0x0000000062ab0000)]
  0x000000005f5e9800 JavaThread "Timer-1" [_thread_blocked, id=4540, stack(0x0000000064cd0000,0x0000000064d50000)]
  0x000000005f5eb800 JavaThread "FelixPackageAdmin" daemon [_thread_blocked, id=1264, stack(0x000000005ff20000,0x000000005ffa0000)]
  0x000000005f5ea800 JavaThread "FelixStartLevel" daemon [_thread_blocked, id=3952, stack(0x00000000627a0000,0x0000000062820000)]
  0x000000005f5ea000 JavaThread "FelixDispatchQueue" daemon [_thread_blocked, id=5036, stack(0x0000000062b90000,0x0000000062c10000)]
  0x000000005f449800 JavaThread "TimerQueue" daemon [_thread_blocked, id=2708, stack(0x0000000060d50000,0x0000000060dd0000)]
  0x000000005f448800 JavaThread "AWT-EventQueue-0" [_thread_blocked, id=2856, stack(0x0000000060320000,0x00000000603a0000)]
  0x000000005ef39800 JavaThread "com.google.common.base.internal.Finalizer" daemon [_thread_blocked, id=4996, stack(0x00000000601b0000,0x0000000060230000)]
  0x000000005f11f000 JavaThread "AWT-Windows" daemon [_thread_in_native, id=5712, stack(0x000000005a190000,0x000000005a210000)]
  0x000000005f162000 JavaThread "AWT-Shutdown" [_thread_blocked, id=5476, stack(0x0000000051f00000,0x0000000051f80000)]
  0x000000004dc7f800 JavaThread "Java2D Disposer" daemon [_thread_blocked, id=3040, stack(0x00000000560c0000,0x0000000056140000)]
  0x000000005ed77000 JavaThread "Timer-0" [_thread_blocked, id=1224, stack(0x00000000214e0000,0x0000000021560000)]
  0x000000005ef78800 JavaThread "JMI Unnamed Thread" [_thread_in_native, id=4468, stack(0x000000000bce0000,0x000000000fce0000)]
  0x000000004dcde000 JavaThread "Low Memory Detector" daemon [_thread_blocked, id=4264, stack(0x0000000055f90000,0x0000000056010000)]
  0x000000004dcd6800 JavaThread "CompilerThread1" daemon [_thread_blocked, id=3340, stack(0x0000000056170000,0x000000005a170000)]
  0x000000004dccc000 JavaThread "CompilerThread0" daemon [_thread_blocked, id=2880, stack(0x0000000051f80000,0x0000000055f80000)]
  0x000000004dcca800 JavaThread "Attach Listener" daemon [_thread_blocked, id=3252, stack(0x000000004de00000,0x000000004de80000)]
  0x0000000004fff000 JavaThread "Finalizer" daemon [_thread_blocked, id=4484, stack(0x000000000ff70000,0x000000000fff0000)]
  0x0000000004ff9000 JavaThread "Reference Handler" daemon [_thread_blocked, id=4220, stack(0x0000000019280000,0x0000000019300000)]
=>0x0000000004f42000 JavaThread "main" [_thread_in_native, id=5236, stack(0x0000000000070000,0x0000000004070000)]

Other Threads:
  0x000000004dc72800 VMThread [stack: 0x000000004dee0000,0x0000000051ee0000] [id=1220]
  0x000000004dd09800 WatcherThread [stack: 0x000000005a340000,0x000000005e340000] [id=1564]

VM state:not at safepoint (normal execution)

VM Mutex/Monitor currently owned by a thread: None

Heap
 PSYoungGen      total 15616K, used 9588K [0x000000003a990000, 0x000000003bb20000, 0x000000003da90000)
  eden space 13824K, 58% used [0x000000003a990000,0x000000003b171aa0,0x000000003b710000)
  from space 1792K, 84% used [0x000000003b910000,0x000000003ba8b7f8,0x000000003bad0000)
  to   space 2048K, 0% used [0x000000003b710000,0x000000003b710000,0x000000003b910000)
 PSOldGen        total 97216K, used 70504K [0x0000000031690000, 0x0000000037580000, 0x000000003a990000)
  object space 97216K, 72% used [0x0000000031690000,0x0000000035b6a340,0x0000000037580000)
 PSPermGen       total 121920K, used 71193K [0x0000000029690000, 0x0000000030da0000, 0x0000000031690000)
  object space 121920K, 58% used [0x0000000029690000,0x000000002dc16440,0x0000000030da0000)

Dynamic libraries:
0x000000013f080000 - 0x000000013f0a9000 	C:\Program Files\MATLAB\R2011b\bin\win64\MATLAB.exe
0x0000000077210000 - 0x00000000773b9000 	C:\Windows\SYSTEM32\ntdll.dll
0x0000000076e90000 - 0x0000000076faf000 	C:\Windows\system32\kernel32.dll
0x000007fefcc80000 - 0x000007fefcceb000 	C:\Windows\system32\KERNELBASE.dll
0x0000000074460000 - 0x0000000074563000 	C:\Program Files\MATLAB\R2011b\bin\win64\libut.dll
0x00000000758a0000 - 0x0000000075944000 	C:\Program Files\MATLAB\R2011b\bin\win64\libmwi18n.dll
0x0000000180000000 - 0x000000018000b000 	C:\Program Files\MATLAB\R2011b\bin\win64\libmwresource_core.dll
0x0000000072cd0000 - 0x0000000072da3000 	C:\Windows\WinSxS\amd64_microsoft.vc90.crt_1fc8b3b9a1e18e3b_9.0.30729.6161_none_08e61857a83bc251\MSVCP90.dll
0x0000000072be0000 - 0x0000000072c83000 	C:\Windows\WinSxS\amd64_microsoft.vc90.crt_1fc8b3b9a1e18e3b_9.0.30729.6161_none_08e61857a83bc251\MSVCR90.dll
0x000000007a170000 - 0x000000007a19c000 	C:\Program Files\MATLAB\R2011b\bin\win64\boost_filesystem-vc90-mt-1_44.dll
0x000000007a560000 - 0x000000007a569000 	C:\Program Files\MATLAB\R2011b\bin\win64\boost_system-vc90-mt-1_44.dll
0x000007fefe1b0000 - 0x000007fefe28b000 	C:\Windows\system32\ADVAPI32.dll
0x000007fefe300000 - 0x000007fefe39f000 	C:\Windows\system32\msvcrt.dll
0x000007fefe2e0000 - 0x000007fefe2ff000 	C:\Windows\SYSTEM32\sechost.dll
0x000007fefd250000 - 0x000007fefd37d000 	C:\Windows\system32\RPCRT4.dll
0x000000007a010000 - 0x000000007a035000 	C:\Program Files\MATLAB\R2011b\bin\win64\LIBEXPAT.dll
0x0000000073ca0000 - 0x0000000073e91000 	C:\Program Files\MATLAB\R2011b\bin\win64\icuin44.dll
0x0000000073f20000 - 0x0000000074091000 	C:\Program Files\MATLAB\R2011b\bin\win64\icuuc44.dll
0x0000000010000000 - 0x0000000010e41000 	C:\Program Files\MATLAB\R2011b\bin\win64\icudt44.dll
0x0000000004270000 - 0x00000000043b5000 	C:\Program Files\MATLAB\R2011b\bin\win64\libmwfl.dll
0x000000007a350000 - 0x000000007a556000 	C:\Program Files\MATLAB\R2011b\bin\win64\libmwMATLAB_res.dll
0x0000000004160000 - 0x0000000004170000 	C:\Program Files\MATLAB\R2011b\bin\win64\boost_date_time-vc90-mt-1_44.dll
0x000000007a250000 - 0x000000007a263000 	C:\Program Files\MATLAB\R2011b\bin\win64\boost_signals-vc90-mt-1_44.dll
0x000000007a2d0000 - 0x000000007a2e2000 	C:\Program Files\MATLAB\R2011b\bin\win64\boost_thread-vc90-mt-1_44.dll
0x00000000043f0000 - 0x0000000004436000 	C:\Program Files\MATLAB\R2011b\bin\win64\tbb.dll
0x000007fefd380000 - 0x000007fefd399000 	C:\Windows\system32\imagehlp.dll
0x00000000773e0000 - 0x00000000773e7000 	C:\Windows\system32\PSAPI.DLL
0x0000000073f00000 - 0x0000000073f13000 	C:\Program Files\MATLAB\R2011b\bin\win64\icuio44.dll
0x000007fef5cf0000 - 0x000007fef5e15000 	C:\Windows\system32\dbghelp.dll
0x0000000076fb0000 - 0x00000000770aa000 	C:\Windows\system32\USER32.dll
0x000007fefe130000 - 0x000007fefe197000 	C:\Windows\system32\GDI32.dll
0x000007fefe1a0000 - 0x000007fefe1ae000 	C:\Windows\system32\LPK.dll
0x000007fefe7e0000 - 0x000007fefe8a9000 	C:\Windows\system32\USP10.dll
0x000000007bed0000 - 0x000000007c148000 	C:\Program Files\MATLAB\R2011b\bin\win64\libmwservices.dll
0x0000000075a20000 - 0x0000000075ad5000 	C:\Program Files\MATLAB\R2011b\bin\win64\libmx.dll
0x000000007a210000 - 0x000000007a228000 	C:\Program Files\MATLAB\R2011b\bin\win64\zlib1.dll
0x0000000074330000 - 0x0000000074453000 	C:\Program Files\MATLAB\R2011b\bin\win64\libmwmathutil.dll
0x0000000075f10000 - 0x0000000075f5d000 	C:\Program Files\MATLAB\R2011b\bin\win64\mpath.dll
0x000000007b680000 - 0x000000007bb4d000 	C:\Program Files\MATLAB\R2011b\bin\win64\mlutil.dll
0x0000000070320000 - 0x000000007039f000 	C:\Program Files\MATLAB\R2011b\bin\win64\xmlcore.dll
0x000000007bc30000 - 0x000000007be83000 	C:\Program Files\MATLAB\R2011b\bin\win64\xerces-c_2_7.dll
0x000007fefe290000 - 0x000007fefe2dd000 	C:\Windows\system32\WS2_32.dll
0x000007fefce00000 - 0x000007fefce08000 	C:\Windows\system32\NSI.dll
0x00000000044e0000 - 0x00000000044f6000 	C:\Program Files\MATLAB\R2011b\bin\win64\libmwsettings_res.dll
0x0000000004510000 - 0x0000000004557000 	C:\Program Files\MATLAB\R2011b\bin\win64\boost_serialization-vc90-mt-1_44.dll
0x000007fefd3a0000 - 0x000007fefe128000 	C:\Windows\system32\SHELL32.dll
0x000007fefd1d0000 - 0x000007fefd241000 	C:\Windows\system32\SHLWAPI.dll
0x000007fef9a90000 - 0x000007fef9b30000 	C:\Windows\WinSxS\amd64_microsoft.windows.common-controls_6595b64144ccf1df_5.82.7601.17514_none_a4d6a923711520a9\COMCTL32.dll
0x000007fefce70000 - 0x000007fefcf07000 	C:\Windows\system32\COMDLG32.dll
0x000007fefa210000 - 0x000007fefa226000 	C:\Windows\system32\NETAPI32.dll
0x000007fefa200000 - 0x000007fefa20c000 	C:\Windows\system32\netutils.dll
0x000007fefc860000 - 0x000007fefc883000 	C:\Windows\system32\srvcli.dll
0x000007fef9fe0000 - 0x000007fef9ff5000 	C:\Windows\system32\wkscli.dll
0x000007fefe550000 - 0x000007fefe753000 	C:\Windows\system32\ole32.dll
0x000007fefd0f0000 - 0x000007fefd1c7000 	C:\Windows\system32\OLEAUT32.dll
0x0000000074970000 - 0x0000000074a41000 	C:\Program Files\MATLAB\R2011b\bin\win64\mcr.dll
0x0000000075000000 - 0x0000000075324000 	C:\Program Files\MATLAB\R2011b\bin\win64\iqm.dll
0x0000000066cc0000 - 0x0000000067490000 	C:\Program Files\MATLAB\R2011b\bin\win64\m_interpreter.dll
0x0000000073ee0000 - 0x0000000073ef5000 	C:\Program Files\MATLAB\R2011b\bin\win64\libmex.dll
0x000000006f9e0000 - 0x000000006fa8e000 	C:\Program Files\MATLAB\R2011b\bin\win64\m_dispatcher.dll
0x0000000074880000 - 0x000000007496d000 	C:\Program Files\MATLAB\R2011b\bin\win64\boost_regex-vc90-mt-1_44.dll
0x000000006fab0000 - 0x000000006fb34000 	C:\Program Files\MATLAB\R2011b\bin\win64\profiler.dll
0x0000000079f40000 - 0x0000000079f73000 	C:\Program Files\MATLAB\R2011b\bin\win64\libmwmathrng.dll
0x0000000074c10000 - 0x0000000074cea000 	C:\Program Files\MATLAB\R2011b\bin\win64\libmwmathcore.dll
0x0000000076160000 - 0x00000000761cb000 	C:\Program Files\MATLAB\R2011b\bin\win64\libmwspmatrix.dll
0x0000000075ea0000 - 0x0000000075f02000 	C:\Program Files\MATLAB\R2011b\bin\win64\libmwcholmod.dll
0x0000000004620000 - 0x000000000462d000 	C:\Program Files\MATLAB\R2011b\bin\win64\libmwamd.dll
0x0000000004640000 - 0x000000000464c000 	C:\Program Files\MATLAB\R2011b\bin\win64\libmwcolamd.dll
0x0000000073ec0000 - 0x0000000073ed9000 	C:\Program Files\MATLAB\R2011b\bin\win64\libmwblas.dll
0x0000000073ea0000 - 0x0000000073eb2000 	C:\Program Files\MATLAB\R2011b\bin\win64\libmwbinder.dll
0x0000000074280000 - 0x000000007428b000 	C:\Program Files\MATLAB\R2011b\bin\win64\libmwompwrapper.dll
0x000000006f950000 - 0x000000006f9d2000 	C:\Program Files\MATLAB\R2011b\bin\win64\libmwlapack.dll
0x0000000073c70000 - 0x0000000073c91000 	C:\Program Files\MATLAB\R2011b\bin\win64\m_pcodeio.dll
0x0000000079b10000 - 0x0000000079b77000 	C:\Program Files\MATLAB\R2011b\bin\win64\m_ir.dll
0x0000000067620000 - 0x0000000067c60000 	C:\Program Files\MATLAB\R2011b\bin\win64\m_parser.dll
0x0000000073c50000 - 0x0000000073c6a000 	C:\Program Files\MATLAB\R2011b\bin\win64\ir_xfmr.dll
0x0000000068d20000 - 0x0000000068fa5000 	C:\Program Files\MATLAB\R2011b\bin\win64\mcos.dll
0x0000000074200000 - 0x000000007420c000 	C:\Program Files\MATLAB\R2011b\bin\win64\mtok.dll
0x00000000701e0000 - 0x0000000070211000 	C:\Program Files\MATLAB\R2011b\bin\win64\m_pcodegen.dll
0x0000000079fb0000 - 0x0000000079fe5000 	C:\Program Files\MATLAB\R2011b\bin\win64\libmwbridge.dll
0x000000006d290000 - 0x000000006d358000 	C:\Program Files\MATLAB\R2011b\bin\win64\udd.dll
0x0000000068bd0000 - 0x0000000068d17000 	C:\Program Files\MATLAB\R2011b\bin\win64\libmwgui.dll
0x000000006fa90000 - 0x000000006faa7000 	C:\Program Files\MATLAB\R2011b\bin\win64\graphics_util.dll
0x0000000066310000 - 0x0000000066cc0000 	C:\Program Files\MATLAB\R2011b\bin\win64\hg.dll
0x0000000076100000 - 0x0000000076158000 	C:\Program Files\MATLAB\R2011b\bin\win64\libmat.dll
0x0000000004770000 - 0x0000000004984000 	C:\Program Files\MATLAB\R2011b\bin\win64\hdf5dll.dll
0x0000000075710000 - 0x000000007579d000 	C:\Program Files\MATLAB\R2011b\bin\win64\jmi.dll
0x00000000049b0000 - 0x00000000049be000 	C:\Program Files\MATLAB\R2011b\bin\win64\nativejava_services.dll
0x000000006f8b0000 - 0x000000006f8f3000 	C:\Program Files\MATLAB\R2011b\bin\win64\libmwhardcopy.dll
0x000000006d880000 - 0x000000006d8e3000 	C:\Program Files\MATLAB\R2011b\bin\win64\libuij.dll
0x00000000689c0000 - 0x0000000068bc7000 	C:\Program Files\MATLAB\R2011b\bin\win64\hgdatatypes.dll
0x0000000067520000 - 0x0000000067619000 	C:\Program Files\MATLAB\R2011b\bin\win64\hgutils.dll
0x000000006d1d0000 - 0x000000006d28d000 	C:\Program Files\MATLAB\R2011b\bin\win64\udd_mi.dll
0x0000000004a20000 - 0x0000000004ce9000 	C:\Program Files\MATLAB\R2011b\bin\win64\uiw.dll
0x0000000070310000 - 0x000000007031f000 	C:\Program Files\MATLAB\R2011b\bin\win64\uinone.dll
0x000007fef68a0000 - 0x000007fef68b8000 	C:\Windows\system32\MPR.dll
0x0000000065e20000 - 0x0000000066304000 	C:\Windows\WinSxS\amd64_microsoft.vc90.mfc_1fc8b3b9a1e18e3b_9.0.30729.6161_none_044aad0bab1eb146\mfc90.dll
0x000007fefb6f0000 - 0x000007fefb6f7000 	C:\Windows\system32\MSIMG32.dll
0x000007fef9a10000 - 0x000007fef9a81000 	C:\Windows\system32\WINSPOOL.DRV
0x000000006f920000 - 0x000000006f941000 	C:\Program Files\MATLAB\R2011b\bin\win64\mwoles05.DLL
0x000000006d800000 - 0x000000006d875000 	C:\Program Files\MATLAB\R2011b\bin\win64\comcli.dll
0x000000006d4d0000 - 0x000000006d4ff000 	C:\Windows\WinSxS\amd64_microsoft.vc90.atl_1fc8b3b9a1e18e3b_9.0.30729.6161_none_0a1fd3a3a768b895\ATL90.DLL
0x0000000073b20000 - 0x0000000073b2c000 	C:\Program Files\MATLAB\R2011b\bin\win64\mlautoregister.dll
0x0000000004d40000 - 0x0000000004d50000 	C:\Program Files\MATLAB\R2011b\bin\win64\boost_iostreams-vc90-mt-1_44.dll
0x000007fefcdd0000 - 0x000007fefcdfe000 	C:\Windows\system32\IMM32.DLL
0x000007fefe440000 - 0x000007fefe549000 	C:\Windows\system32\MSCTF.dll
0x000007fefb140000 - 0x000007fefb196000 	C:\Windows\system32\UxTheme.dll
0x000007fefad60000 - 0x000007fefad78000 	C:\Windows\system32\dwmapi.dll
0x000000006f910000 - 0x000000006f91d000 	C:\Windows\WinSxS\amd64_microsoft.vc90.mfcloc_1fc8b3b9a1e18e3b_9.0.30729.6161_none_01c9581e60cbee58\MFC90ENU.DLL
0x0000000004ea0000 - 0x0000000004ec9000 	C:\Program Files\MATLAB\R2011b\bin\win64\tbbmalloc.dll
0x000007fefca00000 - 0x000007fefca0f000 	C:\Windows\system32\profapi.dll
0x000007fefa920000 - 0x000007fefa947000 	C:\Windows\system32\iphlpapi.dll
0x000007fefa8f0000 - 0x000007fefa8fb000 	C:\Windows\system32\WINNSI.DLL
0x000007fefc0f0000 - 0x000007fefc14b000 	C:\Windows\system32\DNSAPI.dll
0x000007fefa380000 - 0x000007fefa398000 	C:\Windows\system32\dhcpcsvc.DLL
0x000007fefa240000 - 0x000007fefa251000 	C:\Windows\system32\dhcpcsvc6.DLL
0x000000006f900000 - 0x000000006f903000 	C:\Windows\system32\icmp.Dll
0x000007fefc9d0000 - 0x000007fefc9df000 	C:\Windows\system32\CRYPTBASE.dll
0x000007fefcc40000 - 0x000007fefcc76000 	C:\Windows\system32\CFGMGR32.dll
0x0000000078870000 - 0x0000000078ecd000 	C:\Program Files\MATLAB\R2011b\sys\java\jre\win64\jre\bin\server\jvm.dll
0x000007fef8ee0000 - 0x000007fef8f1b000 	C:\Windows\system32\WINMM.dll
0x0000000005100000 - 0x000000000510e000 	C:\Program Files\MATLAB\R2011b\sys\java\jre\win64\jre\bin\verify.dll
0x000000007a070000 - 0x000000007a097000 	C:\Program Files\MATLAB\R2011b\sys\java\jre\win64\jre\bin\java.dll
0x0000000007910000 - 0x000000000791a000 	C:\Program Files\MATLAB\R2011b\sys\java\jre\win64\jre\bin\hpi.dll
0x0000000007930000 - 0x0000000007942000 	C:\Program Files\MATLAB\R2011b\sys\java\jre\win64\jre\bin\zip.dll
0x0000000075b90000 - 0x0000000075bfb000 	C:\Program Files\MATLAB\R2011b\sys\java\jre\win64\jre\bin\fontmanager.dll
0x0000000073150000 - 0x0000000073311000 	C:\Program Files\MATLAB\R2011b\sys\java\jre\win64\jre\bin\awt.dll
0x0000000079cf0000 - 0x0000000079d96000 	C:\Program Files\MATLAB\R2011b\bin\win64\nativejmi.dll

VM Arguments:
jvm_args: -Xss512k -XX:PermSize=32m -Xms64m -XX:NewRatio=3 -XX:MaxPermSize=128m -Xmx196m -XX:MaxDirectMemorySize=2147400000 -Dsun.java2d.noddraw=true -Dsun.awt.nopixfmt=true -Xshare:off -Xrs -Dsun.awt.disableMixing=true -Djava.library.path=C:\Program Files\MATLAB\R2011b\bin\win64 vfprintf abort 
java_command: <unknown>
Launcher Type: generic

Environment Variables:
CLASSPATH=C:\Program Files\OpenNI\Bin64\org.OpenNI.jar
PATH=C:\Program Files (x86)\MiKTeX 2.9\miktex\bin;C:\Program Files\Common Files\Microsoft Shared\Windows Live;C:\Program Files (x86)\Common Files\Microsoft Shared\Windows Live;C:\Windows\system32;C:\Windows;C:\Windows\System32\Wbem;C:\Windows\System32\WindowsPowerShell\v1.0\;C:\Program Files\Intel\WiFi\bin\;C:\Program Files\Common Files\Intel\WirelessCommon\;C:\Program Files (x86)\Windows Live\Shared;C:\Program Files (x86)\Common Files\Roxio Shared\OEM\DLLShared\;C:\Program Files (x86)\Common Files\Roxio Shared\OEM\DLLShared\;C:\Program Files (x86)\Common Files\Roxio Shared\OEM\12.0\DLLShared\;C:\Program Files (x86)\Roxio\OEM\AudioCore\;C:\Program Files\MATLAB\R2011b\runtime\win64;C:\Program Files\MATLAB\R2011b\bin;C:\Program Files\OpenNI\Bin64;C:\Program Files\PrimeSense\NITE\bin64;c:\Program Files (x86)\Microsoft SQL Server\100\Tools\Binn\;c:\Program Files\Microsoft SQL Server\100\Tools\Binn\;c:\Program Files\Microsoft SQL Server\100\DTS\Binn\
USERNAME=Kristin
OS=Windows_NT
PROCESSOR_IDENTIFIER=Intel64 Family 6 Model 42 Stepping 7, GenuineIntel



---------------  S Y S T E M  ---------------

OS: Windows 7 Build 7601 Service Pack 1

CPU:total 4 (8 cores per cpu, 2 threads per core) family 6 model 42 stepping 7, cmov, cx8, fxsr, mmx, sse, sse2, sse3, ssse3, sse4.1, sse4.2, ht

Memory: 4k page, physical 4078580k(1230096k free), swap 8155304k(4535876k free)

vm_info: Java HotSpot(TM) 64-Bit Server VM (14.3-b01) for windows-amd64 JRE (1.6.0_17-b04), built on Oct 11 2009 00:46:08 by "java_re" with MS VC++ 8.0

time: Tue Mar 12 16:54:41 2013
elapsed time: 26163 seconds

